{"level":"info","message":"Mongodb Connected successfully","timestamp":"2024-09-27 03:19:07"}
{"level":"info","message":"{\"method\":\"GET\",\"Url\":\"/\",\"ip\":\"::1\",\"status\":304,\"duration\":\"4ms\"}","timestamp":"2024-09-27 03:19:29"}
{"level":"info","message":"Mongodb Connected successfully","timestamp":"2024-09-27 17:33:21"}
{"level":"info","message":"{\"method\":\"GET\",\"Url\":\"/\",\"ip\":\"::1\",\"status\":304,\"duration\":\"7ms\"}","timestamp":"2024-09-27 17:33:35"}
{"level":"info","message":"{\"method\":\"GET\",\"Url\":\"/favicon.ico\",\"ip\":\"::1\",\"status\":404,\"duration\":\"1ms\"}","timestamp":"2024-09-27 17:33:35"}
{"level":"info","message":"{\"method\":\"GET\",\"Url\":\"/adfas\",\"ip\":\"::1\",\"status\":404,\"duration\":\"1ms\"}","timestamp":"2024-09-27 17:33:43"}
{"level":"info","message":"Mongodb Connected successfully","timestamp":"2024-09-27 17:34:23"}
{"level":"info","message":{"Url":"/adfas","duration":"3ms","ip":"::1","method":"GET","status":404},"timestamp":"2024-09-27 17:34:26"}
{"level":"info","message":"Mongodb Connected successfully","timestamp":"2024-09-27 17:35:29"}
{"level":"info","message":"Mongodb Connected successfully","timestamp":"2024-09-27 17:36:19"}
{"level":"info","message":"Mongodb Connected successfully","timestamp":"2024-09-27 17:37:40"}
{"level":"info","message":"Mongodb Connected successfully","timestamp":"2024-09-27 17:38:17"}
{"level":"info","message":"Mongodb Connected successfully","timestamp":"2024-09-27 17:38:37"}
{"0":"d","1":"d","2":"a","3":"f","level":"info","message":"ddfd","timestamp":"2024-09-27 17:38:40"}
{"level":"info","message":"Mongodb Connected successfully","timestamp":"2024-09-27 17:40:05"}
{"level":"info","message":"Mongodb Connected successfully","timestamp":"2024-09-27 17:40:13"}
{"level":"info","message":"Mongodb Connected successfully","timestamp":"2024-09-27 17:40:33"}
{"level":"info","message":"Mongodb Connected successfully","timestamp":"2024-09-27 17:40:35"}
{"Url":"/adfas","duration":"3ms","ip":"::1","level":"info","message":"","method":"GET","status":404,"timestamp":"2024-09-27 17:40:35"}
{"level":"info","message":"Mongodb Connected successfully","timestamp":"2024-09-27 17:41:19"}
{"0":"H","1":"e","2":"l","3":"l","4":"o","Url":"/adfas","duration":"3ms","ip":"::1","level":"info","message":"","method":"GET","status":404,"timestamp":"2024-09-27 17:41:20"}
{"level":"info","message":"Mongodb Connected successfully","timestamp":"2024-09-27 17:42:20"}
{"level":"info","message":{"Url":"/adfas","duration":"4ms","ip":"::1","method":"GET","status":404},"timestamp":"2024-09-27 17:42:25"}
{"level":"info","message":"Mongodb Connected successfully","timestamp":"2024-09-27 17:42:48"}
{"level":"info","message":"{\"method\":\"GET\",\"Url\":\"/adfas\",\"ip\":\"::1\",\"status\":404,\"duration\":\"4ms\"}","timestamp":"2024-09-27 17:42:55"}
{"level":"info","message":"Mongodb Connected successfully","timestamp":"2024-09-27 17:43:34"}
{"level":"info","message":"Mongodb Connected successfully","timestamp":"2024-09-27 23:04:05"}
{"level":"info","message":"Mongodb Connected successfully","timestamp":"2024-09-27 23:06:05"}
{"level":"info","message":"{\"method\":\"POST\",\"Url\":\"/user/register\",\"ip\":\"::1\",\"status\":404,\"duration\":\"5ms\"}","timestamp":"2024-09-27 23:12:55"}
{"level":"info","message":"Mongodb Connected successfully","timestamp":"2024-09-27 23:18:11"}
{"level":"info","message":"{\"method\":\"POST\",\"Url\":\"/user/register\",\"ip\":\"::1\",\"status\":404,\"duration\":\"4ms\"}","timestamp":"2024-09-27 23:18:17"}
{"level":"info","message":"Mongodb Connected successfully","timestamp":"2024-09-27 23:22:08"}
{"level":"info","message":"Mongodb Connected successfully","timestamp":"2024-09-27 23:22:31"}
{"level":"info","message":"Mongodb Connected successfully","timestamp":"2024-09-27 23:24:10"}
{"level":"info","message":"Mongodb Connected successfully","timestamp":"2024-09-27 23:25:12"}
{"level":"info","message":"Mongodb Connected successfully","timestamp":"2024-09-27 23:26:14"}
{"level":"error","message":"[object Object],[object Object],[object Object],[object Object],[object Object]","stack":"Error: [object Object],[object Object],[object Object],[object Object],[object Object]\n    at validate_result (file:///C:/Users/Ravi%20Dholariya/Desktop/NestJS/node.js/Ecommerce_Backend/user-service/src/middlewares/error_handling_middleware.js:53:15)\n    at Layer.handle [as handle_request] (C:\\Users\\Ravi Dholariya\\Desktop\\NestJS\\node.js\\Ecommerce_Backend\\user-service\\node_modules\\express\\lib\\router\\layer.js:95:5)\n    at next (C:\\Users\\Ravi Dholariya\\Desktop\\NestJS\\node.js\\Ecommerce_Backend\\user-service\\node_modules\\express\\lib\\router\\route.js:149:13)\n    at middleware (C:\\Users\\Ravi Dholariya\\Desktop\\NestJS\\node.js\\Ecommerce_Backend\\user-service\\node_modules\\express-validator\\lib\\middlewares\\check.js:16:13)","status":400,"timestamp":"2024-09-27 23:26:15"}
{"level":"info","message":"Mongodb Connected successfully","timestamp":"2024-09-27 23:27:38"}
{"level":"error","message":"[object Object],[object Object],[object Object],[object Object],[object Object]","stack":"Error: [object Object],[object Object],[object Object],[object Object],[object Object]\n    at validate_result (file:///C:/Users/Ravi%20Dholariya/Desktop/NestJS/node.js/Ecommerce_Backend/user-service/src/middlewares/error_handling_middleware.js:53:15)\n    at Layer.handle [as handle_request] (C:\\Users\\Ravi Dholariya\\Desktop\\NestJS\\node.js\\Ecommerce_Backend\\user-service\\node_modules\\express\\lib\\router\\layer.js:95:5)\n    at next (C:\\Users\\Ravi Dholariya\\Desktop\\NestJS\\node.js\\Ecommerce_Backend\\user-service\\node_modules\\express\\lib\\router\\route.js:149:13)\n    at middleware (C:\\Users\\Ravi Dholariya\\Desktop\\NestJS\\node.js\\Ecommerce_Backend\\user-service\\node_modules\\express-validator\\lib\\middlewares\\check.js:16:13)","status":400,"timestamp":"2024-09-27 23:27:39"}
{"level":"info","message":"{\"method\":\"POST\",\"Url\":\"/api/user/register\",\"ip\":\"::1\",\"status\":500,\"duration\":\"15ms\"}","timestamp":"2024-09-27 23:27:39"}
{"level":"info","message":"Mongodb Connected successfully","timestamp":"2024-09-27 23:28:46"}
{"level":"error","message":"[object Object],[object Object],[object Object],[object Object],[object Object]","stack":"Error: [object Object],[object Object],[object Object],[object Object],[object Object]\n    at validate_result (file:///C:/Users/Ravi%20Dholariya/Desktop/NestJS/node.js/Ecommerce_Backend/user-service/src/middlewares/error_handling_middleware.js:52:15)\n    at Layer.handle [as handle_request] (C:\\Users\\Ravi Dholariya\\Desktop\\NestJS\\node.js\\Ecommerce_Backend\\user-service\\node_modules\\express\\lib\\router\\layer.js:95:5)\n    at next (C:\\Users\\Ravi Dholariya\\Desktop\\NestJS\\node.js\\Ecommerce_Backend\\user-service\\node_modules\\express\\lib\\router\\route.js:149:13)\n    at middleware (C:\\Users\\Ravi Dholariya\\Desktop\\NestJS\\node.js\\Ecommerce_Backend\\user-service\\node_modules\\express-validator\\lib\\middlewares\\check.js:16:13)","status":400,"timestamp":"2024-09-27 23:28:47"}
{"level":"info","message":"{\"method\":\"POST\",\"Url\":\"/api/user/register\",\"ip\":\"::1\",\"status\":500,\"duration\":\"14ms\"}","timestamp":"2024-09-27 23:28:47"}
{"level":"info","message":"Mongodb Connected successfully","timestamp":"2024-09-27 23:29:32"}
{"level":"info","message":"Mongodb Connected successfully","timestamp":"2024-09-27 23:29:48"}
{"level":"error","message":"{\"success\":false,\"status\":400,\"message\":\"[object Object],[object Object],[object Object],[object Object],[object Object]\",\"stack\":\"Error: [object Object],[object Object],[object Object],[object Object],[object Object]\\n    at validate_result (file:///C:/Users/Ravi%20Dholariya/Desktop/NestJS/node.js/Ecommerce_Backend/user-service/src/middlewares/error_handling_middleware.js:52:15)\\n    at Layer.handle [as handle_request] (C:\\\\Users\\\\Ravi Dholariya\\\\Desktop\\\\NestJS\\\\node.js\\\\Ecommerce_Backend\\\\user-service\\\\node_modules\\\\express\\\\lib\\\\router\\\\layer.js:95:5)\\n    at next (C:\\\\Users\\\\Ravi Dholariya\\\\Desktop\\\\NestJS\\\\node.js\\\\Ecommerce_Backend\\\\user-service\\\\node_modules\\\\express\\\\lib\\\\router\\\\route.js:149:13)\\n    at middleware (C:\\\\Users\\\\Ravi Dholariya\\\\Desktop\\\\NestJS\\\\node.js\\\\Ecommerce_Backend\\\\user-service\\\\node_modules\\\\express-validator\\\\lib\\\\middlewares\\\\check.js:16:13)\"}\n","timestamp":"2024-09-27 23:29:53"}
{"level":"info","message":"{\"method\":\"POST\",\"Url\":\"/api/user/register\",\"ip\":\"::1\",\"status\":400,\"duration\":\"13ms\"}","timestamp":"2024-09-27 23:29:53"}
{"level":"info","message":"Mongodb Connected successfully","timestamp":"2024-09-27 23:30:41"}
{"level":"error","message":"{\"success\":false,\"status\":400,\"message\":\"[object Object],[object Object],[object Object],[object Object],[object Object],[object Object],[object Object],[object Object],[object Object],[object Object],[object Object],[object Object],[object Object],[object Object],[object Object]\",\"stack\":\"Error: [object Object],[object Object],[object Object],[object Object],[object Object],[object Object],[object Object],[object Object],[object Object],[object Object],[object Object],[object Object],[object Object],[object Object],[object Object]\\n    at validate_result (file:///C:/Users/Ravi%20Dholariya/Desktop/NestJS/node.js/Ecommerce_Backend/user-service/src/middlewares/error_handling_middleware.js:52:15)\\n    at Layer.handle [as handle_request] (C:\\\\Users\\\\Ravi Dholariya\\\\Desktop\\\\NestJS\\\\node.js\\\\Ecommerce_Backend\\\\user-service\\\\node_modules\\\\express\\\\lib\\\\router\\\\layer.js:95:5)\\n    at next (C:\\\\Users\\\\Ravi Dholariya\\\\Desktop\\\\NestJS\\\\node.js\\\\Ecommerce_Backend\\\\user-service\\\\node_modules\\\\express\\\\lib\\\\router\\\\route.js:149:13)\\n    at middleware (C:\\\\Users\\\\Ravi Dholariya\\\\Desktop\\\\NestJS\\\\node.js\\\\Ecommerce_Backend\\\\user-service\\\\node_modules\\\\express-validator\\\\lib\\\\middlewares\\\\check.js:16:13)\"}\n","timestamp":"2024-09-27 23:30:42"}
{"level":"info","message":"{\"method\":\"POST\",\"Url\":\"/api/user/register\",\"ip\":\"::1\",\"status\":400,\"duration\":\"15ms\"}","timestamp":"2024-09-27 23:30:42"}
{"level":"error","message":"{\"success\":false,\"status\":400,\"message\":\"[object Object],[object Object],[object Object],[object Object],[object Object],[object Object],[object Object],[object Object],[object Object],[object Object],[object Object],[object Object],[object Object],[object Object],[object Object]\",\"stack\":\"Error: [object Object],[object Object],[object Object],[object Object],[object Object],[object Object],[object Object],[object Object],[object Object],[object Object],[object Object],[object Object],[object Object],[object Object],[object Object]\\n    at validate_result (file:///C:/Users/Ravi%20Dholariya/Desktop/NestJS/node.js/Ecommerce_Backend/user-service/src/middlewares/error_handling_middleware.js:52:15)\\n    at Layer.handle [as handle_request] (C:\\\\Users\\\\Ravi Dholariya\\\\Desktop\\\\NestJS\\\\node.js\\\\Ecommerce_Backend\\\\user-service\\\\node_modules\\\\express\\\\lib\\\\router\\\\layer.js:95:5)\\n    at next (C:\\\\Users\\\\Ravi Dholariya\\\\Desktop\\\\NestJS\\\\node.js\\\\Ecommerce_Backend\\\\user-service\\\\node_modules\\\\express\\\\lib\\\\router\\\\route.js:149:13)\\n    at middleware (C:\\\\Users\\\\Ravi Dholariya\\\\Desktop\\\\NestJS\\\\node.js\\\\Ecommerce_Backend\\\\user-service\\\\node_modules\\\\express-validator\\\\lib\\\\middlewares\\\\check.js:16:13)\"}\n","timestamp":"2024-09-27 23:31:44"}
{"level":"info","message":"{\"method\":\"POST\",\"Url\":\"/api/user/register\",\"ip\":\"::1\",\"status\":400,\"duration\":\"5ms\"}","timestamp":"2024-09-27 23:31:44"}
{"level":"error","message":"{\"success\":false,\"status\":400,\"message\":\"[object Object]\",\"stack\":\"Error: [object Object]\\n    at validate_result (file:///C:/Users/Ravi%20Dholariya/Desktop/NestJS/node.js/Ecommerce_Backend/user-service/src/middlewares/error_handling_middleware.js:52:15)\\n    at Layer.handle [as handle_request] (C:\\\\Users\\\\Ravi Dholariya\\\\Desktop\\\\NestJS\\\\node.js\\\\Ecommerce_Backend\\\\user-service\\\\node_modules\\\\express\\\\lib\\\\router\\\\layer.js:95:5)\\n    at next (C:\\\\Users\\\\Ravi Dholariya\\\\Desktop\\\\NestJS\\\\node.js\\\\Ecommerce_Backend\\\\user-service\\\\node_modules\\\\express\\\\lib\\\\router\\\\route.js:149:13)\\n    at middleware (C:\\\\Users\\\\Ravi Dholariya\\\\Desktop\\\\NestJS\\\\node.js\\\\Ecommerce_Backend\\\\user-service\\\\node_modules\\\\express-validator\\\\lib\\\\middlewares\\\\check.js:16:13)\\n    at process.processTicksAndRejections (node:internal/process/task_queues:95:5)\"}\n","timestamp":"2024-09-27 23:34:49"}
{"level":"info","message":"{\"method\":\"POST\",\"Url\":\"/api/user/register\",\"ip\":\"::1\",\"status\":400,\"duration\":\"5ms\"}","timestamp":"2024-09-27 23:34:49"}
{"level":"info","message":"Mongodb Connected successfully","timestamp":"2024-09-27 23:35:30"}
{"level":"error","message":"{\"success\":false,\"status\":400,\"stack\":\"Error: [object Object]\\n    at validate_result (file:///C:/Users/Ravi%20Dholariya/Desktop/NestJS/node.js/Ecommerce_Backend/user-service/src/middlewares/error_handling_middleware.js:52:15)\\n    at Layer.handle [as handle_request] (C:\\\\Users\\\\Ravi Dholariya\\\\Desktop\\\\NestJS\\\\node.js\\\\Ecommerce_Backend\\\\user-service\\\\node_modules\\\\express\\\\lib\\\\router\\\\layer.js:95:5)\\n    at next (C:\\\\Users\\\\Ravi Dholariya\\\\Desktop\\\\NestJS\\\\node.js\\\\Ecommerce_Backend\\\\user-service\\\\node_modules\\\\express\\\\lib\\\\router\\\\route.js:149:13)\\n    at middleware (C:\\\\Users\\\\Ravi Dholariya\\\\Desktop\\\\NestJS\\\\node.js\\\\Ecommerce_Backend\\\\user-service\\\\node_modules\\\\express-validator\\\\lib\\\\middlewares\\\\check.js:16:13)\\n    at process.processTicksAndRejections (node:internal/process/task_queues:95:5)\"}\n","timestamp":"2024-09-27 23:35:31"}
{"level":"info","message":"{\"method\":\"POST\",\"Url\":\"/api/user/register\",\"ip\":\"::1\",\"status\":400,\"duration\":\"12ms\"}","timestamp":"2024-09-27 23:35:31"}
{"level":"info","message":"Mongodb Connected successfully","timestamp":"2024-09-27 23:35:58"}
{"level":"error","message":"{\"success\":false,\"status\":400,\"message\":{\"0\":\"[\",\"1\":\"o\",\"2\":\"b\",\"3\":\"j\",\"4\":\"e\",\"5\":\"c\",\"6\":\"t\",\"7\":\" \",\"8\":\"O\",\"9\":\"b\",\"10\":\"j\",\"11\":\"e\",\"12\":\"c\",\"13\":\"t\",\"14\":\"]\"},\"stack\":\"Error: [object Object]\\n    at validate_result (file:///C:/Users/Ravi%20Dholariya/Desktop/NestJS/node.js/Ecommerce_Backend/user-service/src/middlewares/error_handling_middleware.js:52:15)\\n    at Layer.handle [as handle_request] (C:\\\\Users\\\\Ravi Dholariya\\\\Desktop\\\\NestJS\\\\node.js\\\\Ecommerce_Backend\\\\user-service\\\\node_modules\\\\express\\\\lib\\\\router\\\\layer.js:95:5)\\n    at next (C:\\\\Users\\\\Ravi Dholariya\\\\Desktop\\\\NestJS\\\\node.js\\\\Ecommerce_Backend\\\\user-service\\\\node_modules\\\\express\\\\lib\\\\router\\\\route.js:149:13)\\n    at middleware (C:\\\\Users\\\\Ravi Dholariya\\\\Desktop\\\\NestJS\\\\node.js\\\\Ecommerce_Backend\\\\user-service\\\\node_modules\\\\express-validator\\\\lib\\\\middlewares\\\\check.js:16:13)\\n    at process.processTicksAndRejections (node:internal/process/task_queues:95:5)\"}\n","timestamp":"2024-09-27 23:35:59"}
{"level":"info","message":"{\"method\":\"POST\",\"Url\":\"/api/user/register\",\"ip\":\"::1\",\"status\":400,\"duration\":\"14ms\"}","timestamp":"2024-09-27 23:35:59"}
{"level":"info","message":"Mongodb Connected successfully","timestamp":"2024-09-27 23:36:17"}
{"level":"info","message":"Mongodb Connected successfully","timestamp":"2024-09-27 23:36:52"}
{"level":"info","message":[{"location":"body","msg":"Address is required","path":"Address","type":"field"}],"timestamp":"2024-09-27 23:36:54"}
{"level":"error","message":"{\"success\":false,\"status\":400,\"message\":\"[object Object]\",\"stack\":\"Error: [object Object]\\n    at validate_result (file:///C:/Users/Ravi%20Dholariya/Desktop/NestJS/node.js/Ecommerce_Backend/user-service/src/middlewares/error_handling_middleware.js:52:15)\\n    at Layer.handle [as handle_request] (C:\\\\Users\\\\Ravi Dholariya\\\\Desktop\\\\NestJS\\\\node.js\\\\Ecommerce_Backend\\\\user-service\\\\node_modules\\\\express\\\\lib\\\\router\\\\layer.js:95:5)\\n    at next (C:\\\\Users\\\\Ravi Dholariya\\\\Desktop\\\\NestJS\\\\node.js\\\\Ecommerce_Backend\\\\user-service\\\\node_modules\\\\express\\\\lib\\\\router\\\\route.js:149:13)\\n    at middleware (C:\\\\Users\\\\Ravi Dholariya\\\\Desktop\\\\NestJS\\\\node.js\\\\Ecommerce_Backend\\\\user-service\\\\node_modules\\\\express-validator\\\\lib\\\\middlewares\\\\check.js:16:13)\\n    at process.processTicksAndRejections (node:internal/process/task_queues:95:5)\"}\n","timestamp":"2024-09-27 23:36:54"}
{"level":"info","message":"{\"method\":\"POST\",\"Url\":\"/api/user/register\",\"ip\":\"::1\",\"status\":400,\"duration\":\"15ms\"}","timestamp":"2024-09-27 23:36:54"}
{"level":"info","message":"Mongodb Connected successfully","timestamp":"2024-09-27 23:37:21"}
{"level":"info","message":[{"location":"body","msg":"Address is required","path":"Address","type":"field"}],"timestamp":"2024-09-27 23:37:22"}
{"level":"error","message":"{\"success\":false,\"status\":400,\"message\":\"[object Object]\",\"stack\":\"Error: [object Object]\\n    at validate_result (file:///C:/Users/Ravi%20Dholariya/Desktop/NestJS/node.js/Ecommerce_Backend/user-service/src/middlewares/error_handling_middleware.js:52:15)\\n    at Layer.handle [as handle_request] (C:\\\\Users\\\\Ravi Dholariya\\\\Desktop\\\\NestJS\\\\node.js\\\\Ecommerce_Backend\\\\user-service\\\\node_modules\\\\express\\\\lib\\\\router\\\\layer.js:95:5)\\n    at next (C:\\\\Users\\\\Ravi Dholariya\\\\Desktop\\\\NestJS\\\\node.js\\\\Ecommerce_Backend\\\\user-service\\\\node_modules\\\\express\\\\lib\\\\router\\\\route.js:149:13)\\n    at middleware (C:\\\\Users\\\\Ravi Dholariya\\\\Desktop\\\\NestJS\\\\node.js\\\\Ecommerce_Backend\\\\user-service\\\\node_modules\\\\express-validator\\\\lib\\\\middlewares\\\\check.js:16:13)\\n    at process.processTicksAndRejections (node:internal/process/task_queues:95:5)\"}\n","timestamp":"2024-09-27 23:37:22"}
{"level":"info","message":"{\"method\":\"POST\",\"Url\":\"/api/user/register\",\"ip\":\"::1\",\"status\":400,\"duration\":\"15ms\"}","timestamp":"2024-09-27 23:37:22"}
{"level":"info","message":"Mongodb Connected successfully","timestamp":"2024-09-27 23:37:41"}
{"level":"info","message":{"location":"body","msg":"Address is required","path":"Address","type":"field"},"timestamp":"2024-09-27 23:37:41"}
{"level":"error","message":"{\"success\":false,\"status\":400,\"message\":\"[object Object]\",\"stack\":\"Error: [object Object]\\n    at validate_result (file:///C:/Users/Ravi%20Dholariya/Desktop/NestJS/node.js/Ecommerce_Backend/user-service/src/middlewares/error_handling_middleware.js:52:15)\\n    at Layer.handle [as handle_request] (C:\\\\Users\\\\Ravi Dholariya\\\\Desktop\\\\NestJS\\\\node.js\\\\Ecommerce_Backend\\\\user-service\\\\node_modules\\\\express\\\\lib\\\\router\\\\layer.js:95:5)\\n    at next (C:\\\\Users\\\\Ravi Dholariya\\\\Desktop\\\\NestJS\\\\node.js\\\\Ecommerce_Backend\\\\user-service\\\\node_modules\\\\express\\\\lib\\\\router\\\\route.js:149:13)\\n    at middleware (C:\\\\Users\\\\Ravi Dholariya\\\\Desktop\\\\NestJS\\\\node.js\\\\Ecommerce_Backend\\\\user-service\\\\node_modules\\\\express-validator\\\\lib\\\\middlewares\\\\check.js:16:13)\\n    at process.processTicksAndRejections (node:internal/process/task_queues:95:5)\"}\n","timestamp":"2024-09-27 23:37:41"}
{"level":"info","message":"{\"method\":\"POST\",\"Url\":\"/api/user/register\",\"ip\":\"::1\",\"status\":400,\"duration\":\"15ms\"}","timestamp":"2024-09-27 23:37:41"}
{"level":"info","message":"Mongodb Connected successfully","timestamp":"2024-09-27 23:37:53"}
{"level":"info","message":{"location":"body","msg":"Address is required","path":"Address","type":"field"},"timestamp":"2024-09-27 23:37:55"}
{"level":"error","message":"{\"success\":false,\"status\":400,\"message\":\"[object Object]\",\"stack\":\"Error: [object Object]\\n    at validate_result (file:///C:/Users/Ravi%20Dholariya/Desktop/NestJS/node.js/Ecommerce_Backend/user-service/src/middlewares/error_handling_middleware.js:52:15)\\n    at Layer.handle [as handle_request] (C:\\\\Users\\\\Ravi Dholariya\\\\Desktop\\\\NestJS\\\\node.js\\\\Ecommerce_Backend\\\\user-service\\\\node_modules\\\\express\\\\lib\\\\router\\\\layer.js:95:5)\\n    at next (C:\\\\Users\\\\Ravi Dholariya\\\\Desktop\\\\NestJS\\\\node.js\\\\Ecommerce_Backend\\\\user-service\\\\node_modules\\\\express\\\\lib\\\\router\\\\route.js:149:13)\\n    at middleware (C:\\\\Users\\\\Ravi Dholariya\\\\Desktop\\\\NestJS\\\\node.js\\\\Ecommerce_Backend\\\\user-service\\\\node_modules\\\\express-validator\\\\lib\\\\middlewares\\\\check.js:16:13)\\n    at process.processTicksAndRejections (node:internal/process/task_queues:95:5)\"}\n","timestamp":"2024-09-27 23:37:55"}
{"level":"info","message":"{\"method\":\"POST\",\"Url\":\"/api/user/register\",\"ip\":\"::1\",\"status\":400,\"duration\":\"13ms\"}","timestamp":"2024-09-27 23:37:55"}
{"level":"info","message":"Mongodb Connected successfully","timestamp":"2024-09-27 23:39:17"}
{"level":"error","message":{"location":"body","msg":"Address is required","path":"Address","type":"field"},"timestamp":"2024-09-27 23:39:17"}
{"level":"error","message":"{\"success\":false,\"status\":400,\"message\":\"[object Object]\",\"stack\":\"Error: [object Object]\\n    at validate_result (file:///C:/Users/Ravi%20Dholariya/Desktop/NestJS/node.js/Ecommerce_Backend/user-service/src/middlewares/error_handling_middleware.js:52:15)\\n    at Layer.handle [as handle_request] (C:\\\\Users\\\\Ravi Dholariya\\\\Desktop\\\\NestJS\\\\node.js\\\\Ecommerce_Backend\\\\user-service\\\\node_modules\\\\express\\\\lib\\\\router\\\\layer.js:95:5)\\n    at next (C:\\\\Users\\\\Ravi Dholariya\\\\Desktop\\\\NestJS\\\\node.js\\\\Ecommerce_Backend\\\\user-service\\\\node_modules\\\\express\\\\lib\\\\router\\\\route.js:149:13)\\n    at middleware (C:\\\\Users\\\\Ravi Dholariya\\\\Desktop\\\\NestJS\\\\node.js\\\\Ecommerce_Backend\\\\user-service\\\\node_modules\\\\express-validator\\\\lib\\\\middlewares\\\\check.js:16:13)\\n    at process.processTicksAndRejections (node:internal/process/task_queues:95:5)\"}\n","timestamp":"2024-09-27 23:39:17"}
{"level":"info","message":"{\"method\":\"POST\",\"Url\":\"/api/user/register\",\"ip\":\"::1\",\"status\":400,\"duration\":\"17ms\"}","timestamp":"2024-09-27 23:39:17"}
{"level":"info","message":"Mongodb Connected successfully","timestamp":"2024-09-27 23:42:07"}
{"level":"error","message":"{\"success\":false,\"status\":500,\"message\":\"err is not defined\",\"stack\":\"ReferenceError: err is not defined\\n    at validate_result (file:///C:/Users/Ravi%20Dholariya/Desktop/NestJS/node.js/Ecommerce_Backend/user-service/src/middlewares/error_handling_middleware.js:57:5)\\n    at Layer.handle [as handle_request] (C:\\\\Users\\\\Ravi Dholariya\\\\Desktop\\\\NestJS\\\\node.js\\\\Ecommerce_Backend\\\\user-service\\\\node_modules\\\\express\\\\lib\\\\router\\\\layer.js:95:5)\\n    at next (C:\\\\Users\\\\Ravi Dholariya\\\\Desktop\\\\NestJS\\\\node.js\\\\Ecommerce_Backend\\\\user-service\\\\node_modules\\\\express\\\\lib\\\\router\\\\route.js:149:13)\\n    at middleware (C:\\\\Users\\\\Ravi Dholariya\\\\Desktop\\\\NestJS\\\\node.js\\\\Ecommerce_Backend\\\\user-service\\\\node_modules\\\\express-validator\\\\lib\\\\middlewares\\\\check.js:16:13)\\n    at process.processTicksAndRejections (node:internal/process/task_queues:95:5)\"}\n","timestamp":"2024-09-27 23:42:10"}
{"level":"info","message":"{\"method\":\"POST\",\"Url\":\"/api/user/register\",\"ip\":\"::1\",\"status\":500,\"duration\":\"14ms\"}","timestamp":"2024-09-27 23:42:10"}
{"level":"error","message":"{\"success\":false,\"status\":500,\"message\":\"err is not defined\",\"stack\":\"ReferenceError: err is not defined\\n    at validate_result (file:///C:/Users/Ravi%20Dholariya/Desktop/NestJS/node.js/Ecommerce_Backend/user-service/src/middlewares/error_handling_middleware.js:57:5)\\n    at Layer.handle [as handle_request] (C:\\\\Users\\\\Ravi Dholariya\\\\Desktop\\\\NestJS\\\\node.js\\\\Ecommerce_Backend\\\\user-service\\\\node_modules\\\\express\\\\lib\\\\router\\\\layer.js:95:5)\\n    at next (C:\\\\Users\\\\Ravi Dholariya\\\\Desktop\\\\NestJS\\\\node.js\\\\Ecommerce_Backend\\\\user-service\\\\node_modules\\\\express\\\\lib\\\\router\\\\route.js:149:13)\\n    at middleware (C:\\\\Users\\\\Ravi Dholariya\\\\Desktop\\\\NestJS\\\\node.js\\\\Ecommerce_Backend\\\\user-service\\\\node_modules\\\\express-validator\\\\lib\\\\middlewares\\\\check.js:16:13)\\n    at process.processTicksAndRejections (node:internal/process/task_queues:95:5)\"}\n","timestamp":"2024-09-27 23:42:45"}
{"level":"info","message":"{\"method\":\"POST\",\"Url\":\"/api/user/register\",\"ip\":\"::1\",\"status\":500,\"duration\":\"5ms\"}","timestamp":"2024-09-27 23:42:45"}
{"level":"info","message":"Mongodb Connected successfully","timestamp":"2024-09-27 23:43:06"}
{"level":"info","message":"Mongodb Connected successfully","timestamp":"2024-09-27 23:44:43"}
{"level":"info","message":"Mongodb Connected successfully","timestamp":"2024-09-27 23:45:03"}
{"level":"error","message":"{\"success\":false,\"status\":400,\"message\":\"Address is required\",\"stack\":\"Error: Address is required\\n    at validate_result (file:///C:/Users/Ravi%20Dholariya/Desktop/NestJS/node.js/Ecommerce_Backend/user-service/src/middlewares/error_handling_middleware.js:53:17)\\n    at Layer.handle [as handle_request] (C:\\\\Users\\\\Ravi Dholariya\\\\Desktop\\\\NestJS\\\\node.js\\\\Ecommerce_Backend\\\\user-service\\\\node_modules\\\\express\\\\lib\\\\router\\\\layer.js:95:5)\\n    at next (C:\\\\Users\\\\Ravi Dholariya\\\\Desktop\\\\NestJS\\\\node.js\\\\Ecommerce_Backend\\\\user-service\\\\node_modules\\\\express\\\\lib\\\\router\\\\route.js:149:13)\\n    at middleware (C:\\\\Users\\\\Ravi Dholariya\\\\Desktop\\\\NestJS\\\\node.js\\\\Ecommerce_Backend\\\\user-service\\\\node_modules\\\\express-validator\\\\lib\\\\middlewares\\\\check.js:16:13)\\n    at process.processTicksAndRejections (node:internal/process/task_queues:95:5)\"}\n","timestamp":"2024-09-27 23:45:05"}
{"level":"info","message":"{\"method\":\"POST\",\"Url\":\"/api/user/register\",\"ip\":\"::1\",\"status\":400,\"duration\":\"12ms\"}","timestamp":"2024-09-27 23:45:05"}
{"level":"info","message":"Mongodb Connected successfully","timestamp":"2024-09-27 23:45:20"}
{"level":"info","message":"Mongodb Connected successfully","timestamp":"2024-09-27 23:45:58"}
{"level":"info","message":"{\"method\":\"POST\",\"Url\":\"/register\",\"ip\":\"::1\",\"status\":201,\"duration\":\"142ms\"}","timestamp":"2024-09-27 23:46:01"}
{"level":"info","message":"{\"method\":\"POST\",\"Url\":\"/register\",\"ip\":\"::1\",\"status\":500,\"duration\":\"115ms\"}","timestamp":"2024-09-27 23:47:14"}
{"level":"info","message":"{\"method\":\"POST\",\"Url\":\"/register\",\"ip\":\"::1\",\"status\":201,\"duration\":\"117ms\"}","timestamp":"2024-09-27 23:50:46"}
{"level":"info","message":"Mongodb Connected successfully","timestamp":"2024-09-27 23:54:25"}
{"level":"error","message":"{\"success\":false,\"status\":400,\"message\":\"Username is required\",\"stack\":\"Error: Username is required\\n    at validate_result (file:///C:/Users/Ravi%20Dholariya/Desktop/NestJS/node.js/Ecommerce_Backend/user-service/src/middlewares/error_handling_middleware.js:53:17)\\n    at Layer.handle [as handle_request] (C:\\\\Users\\\\Ravi Dholariya\\\\Desktop\\\\NestJS\\\\node.js\\\\Ecommerce_Backend\\\\user-service\\\\node_modules\\\\express\\\\lib\\\\router\\\\layer.js:95:5)\\n    at next (C:\\\\Users\\\\Ravi Dholariya\\\\Desktop\\\\NestJS\\\\node.js\\\\Ecommerce_Backend\\\\user-service\\\\node_modules\\\\express\\\\lib\\\\router\\\\route.js:149:13)\\n    at middleware (C:\\\\Users\\\\Ravi Dholariya\\\\Desktop\\\\NestJS\\\\node.js\\\\Ecommerce_Backend\\\\user-service\\\\node_modules\\\\express-validator\\\\lib\\\\middlewares\\\\check.js:16:13)\"}\n","timestamp":"2024-09-27 23:55:55"}
{"level":"info","message":"{\"method\":\"POST\",\"Url\":\"/api/user/register\",\"ip\":\"::1\",\"status\":400,\"duration\":\"14ms\"}","timestamp":"2024-09-27 23:55:55"}
{"level":"error","message":"{\"success\":false,\"status\":400,\"message\":\"Username is required\",\"stack\":\"Error: Username is required\\n    at validate_result (file:///C:/Users/Ravi%20Dholariya/Desktop/NestJS/node.js/Ecommerce_Backend/user-service/src/middlewares/error_handling_middleware.js:53:17)\\n    at Layer.handle [as handle_request] (C:\\\\Users\\\\Ravi Dholariya\\\\Desktop\\\\NestJS\\\\node.js\\\\Ecommerce_Backend\\\\user-service\\\\node_modules\\\\express\\\\lib\\\\router\\\\layer.js:95:5)\\n    at next (C:\\\\Users\\\\Ravi Dholariya\\\\Desktop\\\\NestJS\\\\node.js\\\\Ecommerce_Backend\\\\user-service\\\\node_modules\\\\express\\\\lib\\\\router\\\\route.js:149:13)\\n    at middleware (C:\\\\Users\\\\Ravi Dholariya\\\\Desktop\\\\NestJS\\\\node.js\\\\Ecommerce_Backend\\\\user-service\\\\node_modules\\\\express-validator\\\\lib\\\\middlewares\\\\check.js:16:13)\"}\n","timestamp":"2024-09-27 23:56:22"}
{"level":"info","message":"{\"method\":\"POST\",\"Url\":\"/api/user/register\",\"ip\":\"::1\",\"status\":400,\"duration\":\"4ms\"}","timestamp":"2024-09-27 23:56:22"}
{"level":"error","message":"{\"success\":false,\"status\":400,\"message\":\"Username is required\",\"stack\":\"Error: Username is required\\n    at validate_result (file:///C:/Users/Ravi%20Dholariya/Desktop/NestJS/node.js/Ecommerce_Backend/user-service/src/middlewares/error_handling_middleware.js:53:17)\\n    at Layer.handle [as handle_request] (C:\\\\Users\\\\Ravi Dholariya\\\\Desktop\\\\NestJS\\\\node.js\\\\Ecommerce_Backend\\\\user-service\\\\node_modules\\\\express\\\\lib\\\\router\\\\layer.js:95:5)\\n    at next (C:\\\\Users\\\\Ravi Dholariya\\\\Desktop\\\\NestJS\\\\node.js\\\\Ecommerce_Backend\\\\user-service\\\\node_modules\\\\express\\\\lib\\\\router\\\\route.js:149:13)\\n    at middleware (C:\\\\Users\\\\Ravi Dholariya\\\\Desktop\\\\NestJS\\\\node.js\\\\Ecommerce_Backend\\\\user-service\\\\node_modules\\\\express-validator\\\\lib\\\\middlewares\\\\check.js:16:13)\"}\n","timestamp":"2024-09-27 23:57:27"}
{"level":"info","message":"{\"method\":\"POST\",\"Url\":\"/api/user/register\",\"ip\":\"::1\",\"status\":400,\"duration\":\"3ms\"}","timestamp":"2024-09-27 23:57:27"}
{"level":"info","message":"{\"method\":\"POST\",\"Url\":\"/register\",\"ip\":\"::1\",\"status\":201,\"duration\":\"176ms\"}","timestamp":"2024-09-27 23:57:32"}
